Performing C SOURCE FILE Test CMAKE_HAVE_LIBC_PTHREAD failed with the following output:
Change Dir: /media/tuomas/Uusi asema/Opiskelu jutut/Projects/Depth estimation/Multiprocessor programming/simple_cuda/build/CMakeFiles/CMakeTmp

Run Build Command(s):/usr/bin/make -f Makefile cmTC_52ac8/fast && /usr/bin/make  -f CMakeFiles/cmTC_52ac8.dir/build.make CMakeFiles/cmTC_52ac8.dir/build
make[1]: Entering directory '/media/tuomas/Uusi asema/Opiskelu jutut/Projects/Depth estimation/Multiprocessor programming/simple_cuda/build/CMakeFiles/CMakeTmp'
Building C object CMakeFiles/cmTC_52ac8.dir/src.c.o
/usr/bin/cc -DCMAKE_HAVE_LIBC_PTHREAD  -fPIC  -o CMakeFiles/cmTC_52ac8.dir/src.c.o -c "/media/tuomas/Uusi asema/Opiskelu jutut/Projects/Depth estimation/Multiprocessor programming/simple_cuda/build/CMakeFiles/CMakeTmp/src.c"
Linking C executable cmTC_52ac8
/home/tuomas/.local/lib/python3.8/site-packages/cmake/data/bin/cmake -E cmake_link_script CMakeFiles/cmTC_52ac8.dir/link.txt --verbose=1
/usr/bin/cc -fPIC  CMakeFiles/cmTC_52ac8.dir/src.c.o -o cmTC_52ac8 
/usr/bin/ld: CMakeFiles/cmTC_52ac8.dir/src.c.o: in function `main':
src.c:(.text+0x46): undefined reference to `pthread_create'
/usr/bin/ld: src.c:(.text+0x52): undefined reference to `pthread_detach'
/usr/bin/ld: src.c:(.text+0x5e): undefined reference to `pthread_cancel'
/usr/bin/ld: src.c:(.text+0x6f): undefined reference to `pthread_join'
collect2: error: ld returned 1 exit status
make[1]: *** [CMakeFiles/cmTC_52ac8.dir/build.make:99: cmTC_52ac8] Error 1
make[1]: Leaving directory '/media/tuomas/Uusi asema/Opiskelu jutut/Projects/Depth estimation/Multiprocessor programming/simple_cuda/build/CMakeFiles/CMakeTmp'
make: *** [Makefile:127: cmTC_52ac8/fast] Error 2


Source file was:
#include <pthread.h>

static void* test_func(void* data)
{
  return data;
}

int main(void)
{
  pthread_t thread;
  pthread_create(&thread, NULL, test_func, NULL);
  pthread_detach(thread);
  pthread_cancel(thread);
  pthread_join(thread, NULL);
  pthread_atfork(NULL, NULL, NULL);
  pthread_exit(NULL);

  return 0;
}

Determining if the function pthread_create exists in the pthreads failed with the following output:
Change Dir: /media/tuomas/Uusi asema/Opiskelu jutut/Projects/Depth estimation/Multiprocessor programming/simple_cuda/build/CMakeFiles/CMakeTmp

Run Build Command(s):/usr/bin/make -f Makefile cmTC_849ce/fast && /usr/bin/make  -f CMakeFiles/cmTC_849ce.dir/build.make CMakeFiles/cmTC_849ce.dir/build
make[1]: Entering directory '/media/tuomas/Uusi asema/Opiskelu jutut/Projects/Depth estimation/Multiprocessor programming/simple_cuda/build/CMakeFiles/CMakeTmp'
Building C object CMakeFiles/cmTC_849ce.dir/CheckFunctionExists.c.o
/usr/bin/cc   -fPIC -DCHECK_FUNCTION_EXISTS=pthread_create -o CMakeFiles/cmTC_849ce.dir/CheckFunctionExists.c.o -c /home/tuomas/.local/lib/python3.8/site-packages/cmake/data/share/cmake-3.21/Modules/CheckFunctionExists.c
Linking C executable cmTC_849ce
/home/tuomas/.local/lib/python3.8/site-packages/cmake/data/bin/cmake -E cmake_link_script CMakeFiles/cmTC_849ce.dir/link.txt --verbose=1
/usr/bin/cc -fPIC -DCHECK_FUNCTION_EXISTS=pthread_create CMakeFiles/cmTC_849ce.dir/CheckFunctionExists.c.o -o cmTC_849ce  -lpthreads 
/usr/bin/ld: cannot find -lpthreads
collect2: error: ld returned 1 exit status
make[1]: *** [CMakeFiles/cmTC_849ce.dir/build.make:99: cmTC_849ce] Error 1
make[1]: Leaving directory '/media/tuomas/Uusi asema/Opiskelu jutut/Projects/Depth estimation/Multiprocessor programming/simple_cuda/build/CMakeFiles/CMakeTmp'
make: *** [Makefile:127: cmTC_849ce/fast] Error 2



